<?xml version="1.0" encoding="UTF-8"?>
<testsuite xmlns:xsi="http://www.w3.org/2001/XMLSchema-instance" xsi:noNamespaceSchemaLocation="https://maven.apache.org/surefire/maven-surefire-plugin/xsd/surefire-test-report-3.0.xsd" version="3.0" name="com.rueda.service.OdontologoServiceTest" time="0.464" tests="5" errors="1" skipped="0" failures="2">
  <properties>
[...]
</properties>
  <testcase name="delete" classname="com.rueda.service.OdontologoServiceTest" time="0.296">
    <failure type="org.opentest4j.AssertionFailedError"><![CDATA[org.opentest4j.AssertionFailedError: expected: <true> but was: <false>
	at com.rueda.service.OdontologoServiceTest.delete(OdontologoServiceTest.java:66)
]]></failure>
    <system-out><![CDATA[[2021-08-27 17:02:51] [ ERROR] [OdontologoDaoH2:101] se genero un error al realizar la eliminacion del odontologo: 
org.h2.jdbc.JdbcSQLSyntaxErrorException: Table "ODONTOLOG" not found; SQL statement:
delete from odontolog where id=? [42102-200]
	at org.h2.message.DbException.getJdbcSQLException(DbException.java:453)
	at org.h2.message.DbException.getJdbcSQLException(DbException.java:429)
	at org.h2.message.DbException.get(DbException.java:205)
	at org.h2.message.DbException.get(DbException.java:181)
	at org.h2.command.Parser.readTableOrView(Parser.java:7628)
	at org.h2.command.Parser.readTableOrView(Parser.java:7599)
	at org.h2.command.Parser.readSimpleTableFilter(Parser.java:1350)
	at org.h2.command.Parser.parseDelete(Parser.java:1377)
	at org.h2.command.Parser.parsePrepared(Parser.java:914)
	at org.h2.command.Parser.parse(Parser.java:843)
	at org.h2.command.Parser.parse(Parser.java:815)
	at org.h2.command.Parser.prepareCommand(Parser.java:738)
	at org.h2.engine.Session.prepareLocal(Session.java:657)
	at org.h2.server.TcpServerThread.process(TcpServerThread.java:278)
	at org.h2.server.TcpServerThread.run(TcpServerThread.java:183)
	at java.base/java.lang.Thread.run(Thread.java:829)

	at org.h2.message.DbException.getJdbcSQLException(DbException.java:453)
	at org.h2.engine.SessionRemote.done(SessionRemote.java:611)
	at org.h2.command.CommandRemote.prepare(CommandRemote.java:85)
	at org.h2.command.CommandRemote.<init>(CommandRemote.java:51)
	at org.h2.engine.SessionRemote.prepareCommand(SessionRemote.java:481)
	at org.h2.jdbc.JdbcConnection.prepareCommand(JdbcConnection.java:1235)
	at org.h2.jdbc.JdbcPreparedStatement.<init>(JdbcPreparedStatement.java:76)
	at org.h2.jdbc.JdbcConnection.prepareStatement(JdbcConnection.java:352)
	at com.rueda.dao.impl.OdontologoDaoH2.delete(OdontologoDaoH2.java:85)
	at com.rueda.service.OdontologoService.delete(OdontologoService.java:32)
	at com.rueda.service.OdontologoServiceTest.delete(OdontologoServiceTest.java:66)
	at java.base/jdk.internal.reflect.NativeMethodAccessorImpl.invoke0(Native Method)
	at java.base/jdk.internal.reflect.NativeMethodAccessorImpl.invoke(NativeMethodAccessorImpl.java:78)
	at java.base/jdk.internal.reflect.DelegatingMethodAccessorImpl.invoke(DelegatingMethodAccessorImpl.java:43)
	at java.base/java.lang.reflect.Method.invoke(Method.java:567)
	at org.junit.platform.commons.util.ReflectionUtils.invokeMethod(ReflectionUtils.java:628)
	at org.junit.jupiter.engine.execution.ExecutableInvoker.invoke(ExecutableInvoker.java:117)
	at org.junit.jupiter.engine.descriptor.TestMethodTestDescriptor.lambda$invokeTestMethod$7(TestMethodTestDescriptor.java:184)
	at org.junit.platform.engine.support.hierarchical.ThrowableCollector.execute(ThrowableCollector.java:73)
	at org.junit.jupiter.engine.descriptor.TestMethodTestDescriptor.invokeTestMethod(TestMethodTestDescriptor.java:180)
	at org.junit.jupiter.engine.descriptor.TestMethodTestDescriptor.execute(TestMethodTestDescriptor.java:127)
	at org.junit.jupiter.engine.descriptor.TestMethodTestDescriptor.execute(TestMethodTestDescriptor.java:68)
	at org.junit.platform.engine.support.hierarchical.NodeTestTask.lambda$executeRecursively$5(NodeTestTask.java:135)
	at org.junit.platform.engine.support.hierarchical.ThrowableCollector.execute(ThrowableCollector.java:73)
	at org.junit.platform.engine.support.hierarchical.NodeTestTask.lambda$executeRecursively$7(NodeTestTask.java:125)
	at org.junit.platform.engine.support.hierarchical.Node.around(Node.java:135)
	at org.junit.platform.engine.support.hierarchical.NodeTestTask.lambda$executeRecursively$8(NodeTestTask.java:123)
	at org.junit.platform.engine.support.hierarchical.ThrowableCollector.execute(ThrowableCollector.java:73)
	at org.junit.platform.engine.support.hierarchical.NodeTestTask.executeRecursively(NodeTestTask.java:122)
	at org.junit.platform.engine.support.hierarchical.NodeTestTask.execute(NodeTestTask.java:80)
	at java.base/java.util.ArrayList.forEach(ArrayList.java:1511)
	at org.junit.platform.engine.support.hierarchical.SameThreadHierarchicalTestExecutorService.invokeAll(SameThreadHierarchicalTestExecutorService.java:38)
	at org.junit.platform.engine.support.hierarchical.NodeTestTask.lambda$executeRecursively$5(NodeTestTask.java:139)
	at org.junit.platform.engine.support.hierarchical.ThrowableCollector.execute(ThrowableCollector.java:73)
	at org.junit.platform.engine.support.hierarchical.NodeTestTask.lambda$executeRecursively$7(NodeTestTask.java:125)
	at org.junit.platform.engine.support.hierarchical.Node.around(Node.java:135)
	at org.junit.platform.engine.support.hierarchical.NodeTestTask.lambda$executeRecursively$8(NodeTestTask.java:123)
	at org.junit.platform.engine.support.hierarchical.ThrowableCollector.execute(ThrowableCollector.java:73)
	at org.junit.platform.engine.support.hierarchical.NodeTestTask.executeRecursively(NodeTestTask.java:122)
	at org.junit.platform.engine.support.hierarchical.NodeTestTask.execute(NodeTestTask.java:80)
	at java.base/java.util.ArrayList.forEach(ArrayList.java:1511)
	at org.junit.platform.engine.support.hierarchical.SameThreadHierarchicalTestExecutorService.invokeAll(SameThreadHierarchicalTestExecutorService.java:38)
	at org.junit.platform.engine.support.hierarchical.NodeTestTask.lambda$executeRecursively$5(NodeTestTask.java:139)
	at org.junit.platform.engine.support.hierarchical.ThrowableCollector.execute(ThrowableCollector.java:73)
	at org.junit.platform.engine.support.hierarchical.NodeTestTask.lambda$executeRecursively$7(NodeTestTask.java:125)
	at org.junit.platform.engine.support.hierarchical.Node.around(Node.java:135)
	at org.junit.platform.engine.support.hierarchical.NodeTestTask.lambda$executeRecursively$8(NodeTestTask.java:123)
	at org.junit.platform.engine.support.hierarchical.ThrowableCollector.execute(ThrowableCollector.java:73)
	at org.junit.platform.engine.support.hierarchical.NodeTestTask.executeRecursively(NodeTestTask.java:122)
	at org.junit.platform.engine.support.hierarchical.NodeTestTask.execute(NodeTestTask.java:80)
	at org.junit.platform.engine.support.hierarchical.SameThreadHierarchicalTestExecutorService.submit(SameThreadHierarchicalTestExecutorService.java:32)
	at org.junit.platform.engine.support.hierarchical.HierarchicalTestExecutor.execute(HierarchicalTestExecutor.java:57)
	at org.junit.platform.engine.support.hierarchical.HierarchicalTestEngine.execute(HierarchicalTestEngine.java:51)
	at org.junit.platform.launcher.core.DefaultLauncher.execute(DefaultLauncher.java:229)
	at org.junit.platform.launcher.core.DefaultLauncher.lambda$execute$6(DefaultLauncher.java:197)
	at org.junit.platform.launcher.core.DefaultLauncher.withInterceptedStreams(DefaultLauncher.java:211)
	at org.junit.platform.launcher.core.DefaultLauncher.execute(DefaultLauncher.java:191)
	at org.junit.platform.launcher.core.DefaultLauncher.execute(DefaultLauncher.java:128)
	at org.apache.maven.surefire.junitplatform.JUnitPlatformProvider.execute(JUnitPlatformProvider.java:188)
	at org.apache.maven.surefire.junitplatform.JUnitPlatformProvider.invokeAllTests(JUnitPlatformProvider.java:154)
	at org.apache.maven.surefire.junitplatform.JUnitPlatformProvider.invoke(JUnitPlatformProvider.java:128)
	at org.apache.maven.surefire.booter.ForkedBooter.runSuitesInProcess(ForkedBooter.java:428)
	at org.apache.maven.surefire.booter.ForkedBooter.execute(ForkedBooter.java:162)
	at org.apache.maven.surefire.booter.ForkedBooter.run(ForkedBooter.java:562)
	at org.apache.maven.surefire.booter.ForkedBooter.main(ForkedBooter.java:548)
]]></system-out>
  </testcase>
  <testcase name="insert" classname="com.rueda.service.OdontologoServiceTest" time="0.07">
    <system-out><![CDATA[[2021-08-27 17:02:51] [ INFO ] [OdontologoDaoH2:115] se logro insertar al: Odontologo con nombre: Carmen, apellido: Garcia y matricula: matricula5
[2021-08-27 17:02:51] [ INFO ] [OdontologoDaoH2:115] se logro insertar al: Odontologo con nombre: Carmen, apellido: Garcia y matricula: matricula5
[2021-08-27 17:02:51] [ INFO ] [OdontologoDaoH2:115] se logro insertar al: Odontologo con nombre: Fabian, apellido: Barboza y matricula: matricula6
]]></system-out>
  </testcase>
  <testcase name="readMany" classname="com.rueda.service.OdontologoServiceTest" time="0.022">
    <system-out><![CDATA[[2021-08-27 17:02:51] [ INFO ] [OdontologoDaoH2:32] se realizo la busqueda de todos los odontologos de forma satisfactoria
[2021-08-27 17:02:51] [ INFO ] [OdontologoDaoH2:32] se realizo la busqueda de todos los odontologos de forma satisfactoria
]]></system-out>
  </testcase>
  <testcase name="update" classname="com.rueda.service.OdontologoServiceTest" time="0.022">
    <error type="java.lang.NullPointerException"><![CDATA[java.lang.NullPointerException: Cannot invoke "com.rueda.model.Odontologo.getNombre()" because "object" is null
	at com.rueda.service.OdontologoServiceTest.update(OdontologoServiceTest.java:60)
]]></error>
    <system-out><![CDATA[[2021-08-27 17:02:51] [ INFO ] [OdontologoDaoH2:53] se encontro a el: Odontologo con nombre: Juan, apellido: machado y matricula: miMatricula43
[2021-08-27 17:02:51] [ INFO ] [OdontologoDaoH2:69] se actualizo al odontologoOdontologo con nombre: Juan, apellido: machado y matricula: miMatricula43
]]></system-out>
  </testcase>
  <testcase name="readOne" classname="com.rueda.service.OdontologoServiceTest" time="0.028">
    <failure type="org.opentest4j.AssertionFailedError"><![CDATA[org.opentest4j.AssertionFailedError: expected: <juan> but was: <Juan>
	at com.rueda.service.OdontologoServiceTest.readOne(OdontologoServiceTest.java:47)
]]></failure>
    <system-out><![CDATA[[2021-08-27 17:02:51] [ INFO ] [OdontologoDaoH2:53] se encontro a el: Odontologo con nombre: Juan, apellido: machado y matricula: miMatricula43
[2021-08-27 17:02:51] [ INFO ] [OdontologoDaoH2:53] se encontro a el: Odontologo con nombre: Juan, apellido: machado y matricula: miMatricula43
[2021-08-27 17:02:51] [ INFO ] [OdontologoDaoH2:53] se encontro a el: Odontologo con nombre: Juan, apellido: machado y matricula: miMatricula43
]]></system-out>
  </testcase>
</testsuite>